* installing *source* package 'dplyr' ...
** package 'dplyr' successfully unpacked and MD5 sums checked
** using staged installation
** libs
using C++ compiler: 'G__~1.EXE (GCC) 13.2.0'
g++ -std=gnu++17  -I"C:/PROGRA~1/R/R-44~1.1/include" -DNDEBUG     -I"C:/rtools44/x86_64-w64-mingw32.static.posix/include"     -O2 -Wall  -mfpmath=sse -msse2 -mstackrealign  -c chop.cpp -o chop.o
g++ -std=gnu++17  -I"C:/PROGRA~1/R/R-44~1.1/include" -DNDEBUG     -I"C:/rtools44/x86_64-w64-mingw32.static.posix/include"     -O2 -Wall  -mfpmath=sse -msse2 -mstackrealign  -c filter.cpp -o filter.o
g++ -std=gnu++17  -I"C:/PROGRA~1/R/R-44~1.1/include" -DNDEBUG     -I"C:/rtools44/x86_64-w64-mingw32.static.posix/include"     -O2 -Wall  -mfpmath=sse -msse2 -mstackrealign  -c funs.cpp -o funs.o
g++ -std=gnu++17  -I"C:/PROGRA~1/R/R-44~1.1/include" -DNDEBUG     -I"C:/rtools44/x86_64-w64-mingw32.static.posix/include"     -O2 -Wall  -mfpmath=sse -msse2 -mstackrealign  -c group_by.cpp -o group_by.o
g++ -std=gnu++17  -I"C:/PROGRA~1/R/R-44~1.1/include" -DNDEBUG     -I"C:/rtools44/x86_64-w64-mingw32.static.posix/include"     -O2 -Wall  -mfpmath=sse -msse2 -mstackrealign  -c group_data.cpp -o group_data.o
g++ -std=gnu++17  -I"C:/PROGRA~1/R/R-44~1.1/include" -DNDEBUG     -I"C:/rtools44/x86_64-w64-mingw32.static.posix/include"     -O2 -Wall  -mfpmath=sse -msse2 -mstackrealign  -c imports.cpp -o imports.o
g++ -std=gnu++17  -I"C:/PROGRA~1/R/R-44~1.1/include" -DNDEBUG     -I"C:/rtools44/x86_64-w64-mingw32.static.posix/include"     -O2 -Wall  -mfpmath=sse -msse2 -mstackrealign  -c init.cpp -o init.o
g++ -std=gnu++17  -I"C:/PROGRA~1/R/R-44~1.1/include" -DNDEBUG     -I"C:/rtools44/x86_64-w64-mingw32.static.posix/include"     -O2 -Wall  -mfpmath=sse -msse2 -mstackrealign  -c mask.cpp -o mask.o
g++ -std=gnu++17  -I"C:/PROGRA~1/R/R-44~1.1/include" -DNDEBUG     -I"C:/rtools44/x86_64-w64-mingw32.static.posix/include"     -O2 -Wall  -mfpmath=sse -msse2 -mstackrealign  -c mutate.cpp -o mutate.o
g++ -std=gnu++17  -I"C:/PROGRA~1/R/R-44~1.1/include" -DNDEBUG     -I"C:/rtools44/x86_64-w64-mingw32.static.posix/include"     -O2 -Wall  -mfpmath=sse -msse2 -mstackrealign  -c reconstruct.cpp -o reconstruct.o
g++ -std=gnu++17  -I"C:/PROGRA~1/R/R-44~1.1/include" -DNDEBUG     -I"C:/rtools44/x86_64-w64-mingw32.static.posix/include"     -O2 -Wall  -mfpmath=sse -msse2 -mstackrealign  -c slice.cpp -o slice.o
g++ -std=gnu++17  -I"C:/PROGRA~1/R/R-44~1.1/include" -DNDEBUG     -I"C:/rtools44/x86_64-w64-mingw32.static.posix/include"     -O2 -Wall  -mfpmath=sse -msse2 -mstackrealign  -c summarise.cpp -o summarise.o
g++ -std=gnu++17 -shared -s -static-libgcc -o dplyr.dll tmp.def chop.o filter.o funs.o group_by.o group_data.o imports.o init.o mask.o mutate.o reconstruct.o slice.o summarise.o -LC:/rtools44/x86_64-w64-mingw32.static.posix/lib/x64 -LC:/rtools44/x86_64-w64-mingw32.static.posix/lib -LC:/PROGRA~1/R/R-44~1.1/bin/x64 -lR
installing to C:/Code/Rprojects/riskreports/inst/source/dplyr.Rcheck/00LOCK-dplyr/00new/dplyr/libs/x64
** R
** data
*** moving datasets to lazyload DB
** inst
** byte-compile and prepare package for lazy loading
** help
*** installing help indices
*** copying figures
** building package indices
** installing vignettes
** testing if installed package can be loaded from temporary location
** testing if installed package can be loaded from final location
** testing if installed package keeps a record of temporary installation path
* DONE (dplyr)
