* installing *source* package 'lobstr' ...
** package 'lobstr' successfully unpacked and MD5 sums checked
** using staged installation
** libs
using C++ compiler: 'G__~1.EXE (GCC) 13.2.0'
using C++11
make[1]: Entering directory '/c/Users/sanchosl/AppData/Local/Temp/RtmpScF7Fa/R.INSTALL3e7c19da2e8a/lobstr/src'
g++  -std=gnu++11 -I"C:/PROGRA~1/R/R-44~1.1/include" -DNDEBUG  -I'C:/Users/sanchosl/AppData/Local/R/win-library/4.4/cpp11/include'   -I"C:/rtools44/x86_64-w64-mingw32.static.posix/include"     -O2 -Wall  -mfpmath=sse -msse2 -mstackrealign  -c address.cpp -o address.o
g++  -std=gnu++11 -I"C:/PROGRA~1/R/R-44~1.1/include" -DNDEBUG  -I'C:/Users/sanchosl/AppData/Local/R/win-library/4.4/cpp11/include'   -I"C:/rtools44/x86_64-w64-mingw32.static.posix/include"     -O2 -Wall  -mfpmath=sse -msse2 -mstackrealign  -c cpp11.cpp -o cpp11.o
g++  -std=gnu++11 -I"C:/PROGRA~1/R/R-44~1.1/include" -DNDEBUG  -I'C:/Users/sanchosl/AppData/Local/R/win-library/4.4/cpp11/include'   -I"C:/rtools44/x86_64-w64-mingw32.static.posix/include"     -O2 -Wall  -mfpmath=sse -msse2 -mstackrealign  -c inspect.cpp -o inspect.o
g++  -std=gnu++11 -I"C:/PROGRA~1/R/R-44~1.1/include" -DNDEBUG  -I'C:/Users/sanchosl/AppData/Local/R/win-library/4.4/cpp11/include'   -I"C:/rtools44/x86_64-w64-mingw32.static.posix/include"     -O2 -Wall  -mfpmath=sse -msse2 -mstackrealign  -c size.cpp -o size.o
g++ -shared -s -static-libgcc -o lobstr.dll tmp.def address.o cpp11.o inspect.o size.o -LC:/rtools44/x86_64-w64-mingw32.static.posix/lib/x64 -LC:/rtools44/x86_64-w64-mingw32.static.posix/lib -LC:/PROGRA~1/R/R-44~1.1/bin/x64 -lR
make[1]: Leaving directory '/c/Users/sanchosl/AppData/Local/Temp/RtmpScF7Fa/R.INSTALL3e7c19da2e8a/lobstr/src'
installing to C:/Code/Rprojects/riskreports/inst/source/Library/00LOCK-lobstr/00new/lobstr/libs/x64
** R
** byte-compile and prepare package for lazy loading
** help
*** installing help indices
*** copying figures
** building package indices
** testing if installed package can be loaded from temporary location
** testing if installed package can be loaded from final location
** testing if installed package keeps a record of temporary installation path
* DONE (lobstr)
